Using pre-set license
Built from '2020.3/staging' branch; Version is '2020.3.48f1 (b805b124c6b7) revision 12060081'; Using compiler version '192528614'; Build Type 'Release'
OS: 'Windows 11  (10.0.22621) 64bit Professional' Language: 'en' Physical Memory: 16265 MB
BatchMode: 1, IsHumanControllingUs: 0, StartBugReporterOnCrash: 0, Is64bit: 1, IsPro: 0

COMMAND LINE ARGUMENTS:
C:\Program Files\Unity\Hub\Editor\2020.3.48f1\Editor\Unity.exe
-adb2
-batchMode
-noUpm
-name
AssetImportWorker0
-projectPath
C:/Users/Mouaad/Desktop/Unity Projects/Fury Drive
-logFile
Logs/AssetImportWorker0.log
-srvPort
1191
Successfully changed project path to: C:/Users/Mouaad/Desktop/Unity Projects/Fury Drive
C:/Users/Mouaad/Desktop/Unity Projects/Fury Drive
Using Asset Import Pipeline V2.
Player connection [42100] Host "[IP] 169.254.123.115 [Port] 3221443104 [Flags] 2 [Guid] 3154505367 [EditorId] 3154505367 [Version] 1048832 [Id] WindowsEditor(7,DESKTOP-EKT5AJ6) [Debug] 1 [PackageName] WindowsEditor [ProjectName] Editor" joined multi-casting on [225.0.0.222:54997]...

Player connection [42100] Host "[IP] 169.254.123.115 [Port] 3221443104 [Flags] 2 [Guid] 3154505367 [EditorId] 3154505367 [Version] 1048832 [Id] WindowsEditor(7,DESKTOP-EKT5AJ6) [Debug] 1 [PackageName] WindowsEditor [ProjectName] Editor" joined alternative multi-casting on [225.0.0.222:34997]...

Refreshing native plugins compatible for Editor in 86.51 ms, found 16 plugins.
Preloading 0 native plugins for Editor in 0.00 ms.
Initialize engine version: 2020.3.48f1 (b805b124c6b7)
[Subsystems] Discovering subsystems at path C:/Program Files/Unity/Hub/Editor/2020.3.48f1/Editor/Data/Resources/UnitySubsystems
[Subsystems] Discovering subsystems at path C:/Users/Mouaad/Desktop/Unity Projects/Fury Drive/Assets
GfxDevice: creating device client; threaded=0
Direct3D:
    Version:  Direct3D 11.0 [level 11.1]
    Renderer: NVIDIA GeForce RTX 3070 Ti (ID=0x2482)
    Vendor:   
    VRAM:     8031 MB
    Driver:   31.0.15.3168
Initialize mono
Mono path[0] = 'C:/Program Files/Unity/Hub/Editor/2020.3.48f1/Editor/Data/Managed'
Mono path[1] = 'C:/Program Files/Unity/Hub/Editor/2020.3.48f1/Editor/Data/MonoBleedingEdge/lib/mono/unityjit'
Mono config path = 'C:/Program Files/Unity/Hub/Editor/2020.3.48f1/Editor/Data/MonoBleedingEdge/etc'
Using monoOptions --debugger-agent=transport=dt_socket,embedding=1,server=y,suspend=n,address=127.0.0.1:56132
Begin MonoManager ReloadAssembly
Registering precompiled unity dll's ...
Register platform support module: C:/Program Files/Unity/Hub/Editor/2020.3.48f1/Editor/Data/PlaybackEngines/WindowsStandaloneSupport/UnityEditor.WindowsStandalone.Extensions.dll
Registered in 0.001371 seconds.
Native extension for WindowsStandalone target not found
Refreshing native plugins compatible for Editor in 64.43 ms, found 16 plugins.
Preloading 0 native plugins for Editor in 0.00 ms.
Mono: successfully reloaded assembly
- Completed reload, in  0.511 seconds
Domain Reload Profiling:
	ReloadAssembly (511ms)
		BeginReloadAssembly (45ms)
			ExecutionOrderSort (0ms)
			DisableScriptedObjects (0ms)
			BackupInstance (0ms)
			ReleaseScriptingObjects (0ms)
			CreateAndSetChildDomain (1ms)
		EndReloadAssembly (406ms)
			LoadAssemblies (44ms)
			RebuildTransferFunctionScriptingTraits (0ms)
			SetupTypeCache (143ms)
			ReleaseScriptCaches (0ms)
			RebuildScriptCaches (20ms)
			SetupLoadedEditorAssemblies (159ms)
				LogAssemblyErrors (0ms)
				InitializePlatformSupportModulesInManaged (3ms)
				SetLoadedEditorAssemblies (0ms)
				RefreshPlugins (64ms)
				BeforeProcessingInitializeOnLoad (11ms)
				ProcessInitializeOnLoadAttributes (61ms)
				ProcessInitializeOnLoadMethodAttributes (20ms)
				AfterProcessingInitializeOnLoad (0ms)
				EditorAssembliesLoaded (0ms)
			ExecutionOrderSort2 (0ms)
			AwakeInstancesAfterBackupRestoration (0ms)
Platform modules already initialized, skipping
Registering precompiled user dll's ...
Registered in 0.012678 seconds.
Begin MonoManager ReloadAssembly
Native extension for WindowsStandalone target not found
Refreshing native plugins compatible for Editor in 63.33 ms, found 16 plugins.
Preloading 0 native plugins for Editor in 0.00 ms.
Mono: successfully reloaded assembly
- Completed reload, in  1.459 seconds
Domain Reload Profiling:
	ReloadAssembly (1460ms)
		BeginReloadAssembly (104ms)
			ExecutionOrderSort (0ms)
			DisableScriptedObjects (3ms)
			BackupInstance (0ms)
			ReleaseScriptingObjects (0ms)
			CreateAndSetChildDomain (13ms)
		EndReloadAssembly (1313ms)
			LoadAssemblies (82ms)
			RebuildTransferFunctionScriptingTraits (0ms)
			SetupTypeCache (242ms)
			ReleaseScriptCaches (0ms)
			RebuildScriptCaches (47ms)
			SetupLoadedEditorAssemblies (818ms)
				LogAssemblyErrors (0ms)
				InitializePlatformSupportModulesInManaged (2ms)
				SetLoadedEditorAssemblies (0ms)
				RefreshPlugins (63ms)
				BeforeProcessingInitializeOnLoad (66ms)
				ProcessInitializeOnLoadAttributes (676ms)
				ProcessInitializeOnLoadMethodAttributes (7ms)
				AfterProcessingInitializeOnLoad (3ms)
				EditorAssembliesLoaded (0ms)
			ExecutionOrderSort2 (0ms)
			AwakeInstancesAfterBackupRestoration (1ms)
Platform modules already initialized, skipping
========================================================================
Worker process is ready to serve import requests
Launched and connected shader compiler UnityShaderCompiler.exe after 0.03 seconds
Refreshing native plugins compatible for Editor in 1.16 ms, found 16 plugins.
Preloading 0 native plugins for Editor in 0.00 ms.
Unloading 3868 Unused Serialized files (Serialized files now loaded: 0)
System memory in use before: 168.0 MB.
System memory in use after: 168.2 MB.

Unloading 148 unused Assets to reduce memory usage. Loaded Objects now: 4233.
Total: 3.168600 ms (FindLiveObjects: 0.299600 ms CreateObjectMapping: 0.148800 ms MarkObjects: 2.647900 ms  DeleteObjects: 0.071200 ms)

AssetImportParameters requested are different than current active one (requested -> active):
  custom:framework-win-MediaFoundation: 216162199b28c13a410421893ffa2e32 -> 
  custom:video-decoder-ogg-theora: a1e56fd34408186e4bbccfd4996cb3dc -> 
  custom:container-muxer-webm: aa71ff27fc2769a1b78a27578f13a17b -> 
  custom:container-demuxer-webm: 4f35f7cbe854078d1ac9338744f61a02 -> 
  custom:container-demuxer-ogg: 62fdf1f143b41e24485cea50d1cbac27 -> 
  custom:video-encoder-webm-vp8: eb34c28f22e8b96e1ab97ce403110664 -> 
  custom:video-decoder-webm-vp8: 9c59270c3fd7afecdb556c50c9e8de78 -> 
  custom:audio-decoder-ogg-vorbis: bf7c407c2cedff20999df2af8eb42d56 -> 
  custom:audio-encoder-webm-vorbis: bf7c407c2cedff20999df2af8eb42d56 -> 
========================================================================
Received Import Request.
  path: Assets/Prefabs/Player Playable Cars/Player Car 1.prefab
  artifactKey: Guid(80d2e31af5f568347b3677c5e865d3e7) Importer(815301076,1909f56bfc062723c751e8b465ee728b)
Start importing Assets/Prefabs/Player Playable Cars/Player Car 1.prefab using Guid(80d2e31af5f568347b3677c5e865d3e7) Importer(815301076,1909f56bfc062723c751e8b465ee728b)  -> (artifact id: '84eca4ee45a8f9b47836bc51364a7229') in 0.404232 seconds 
========================================================================
Received Import Request.
  Time since last request: 196.349524 seconds.
  path: Assets/Prefabs/Player Playable Cars/Player Car 4.prefab
  artifactKey: Guid(17e5480a82effa245b3e43670f883edb) Importer(815301076,1909f56bfc062723c751e8b465ee728b)
Start importing Assets/Prefabs/Player Playable Cars/Player Car 4.prefab using Guid(17e5480a82effa245b3e43670f883edb) Importer(815301076,1909f56bfc062723c751e8b465ee728b)  -> (artifact id: '9238c6107b9b4bcb8b790ec4fb4d3c83') in 0.212812 seconds 
========================================================================
Received Import Request.
  Time since last request: 277.675283 seconds.
  path: Assets/Prefabs/Player Playable Cars/Player Car 1.prefab
  artifactKey: Guid(80d2e31af5f568347b3677c5e865d3e7) Importer(815301076,1909f56bfc062723c751e8b465ee728b)
Start importing Assets/Prefabs/Player Playable Cars/Player Car 1.prefab using Guid(80d2e31af5f568347b3677c5e865d3e7) Importer(815301076,1909f56bfc062723c751e8b465ee728b)  -> (artifact id: 'cb4aa7d4dfd0c6c5ce1717dcae0bd463') in 0.174999 seconds 
========================================================================
Received Import Request.
  Time since last request: 28.450833 seconds.
  path: Assets/Prefabs/Player Playable Cars/Player Car 1.prefab
  artifactKey: Guid(80d2e31af5f568347b3677c5e865d3e7) Importer(815301076,1909f56bfc062723c751e8b465ee728b)
Start importing Assets/Prefabs/Player Playable Cars/Player Car 1.prefab using Guid(80d2e31af5f568347b3677c5e865d3e7) Importer(815301076,1909f56bfc062723c751e8b465ee728b)  -> (artifact id: 'd11387aec661bdc50f8f617799cc217e') in 0.173090 seconds 
========================================================================
Received Import Request.
  Time since last request: 189.925141 seconds.
  path: Assets/Scenes/Lvl 11.unity
  artifactKey: Guid(f8c28950ec8912347863f444b7f40b48) Importer(815301076,1909f56bfc062723c751e8b465ee728b)
Start importing Assets/Scenes/Lvl 11.unity using Guid(f8c28950ec8912347863f444b7f40b48) Importer(815301076,1909f56bfc062723c751e8b465ee728b)  -> (artifact id: '682a3dfd2ecca8bf6fffff9943871c64') in 0.001945 seconds 
========================================================================
Received Import Request.
  Time since last request: 5.169861 seconds.
  path: Assets/Scenes/Lvl 2 Record.unity
  artifactKey: Guid(f8c28950ec8912347863f444b7f40b48) Importer(815301076,1909f56bfc062723c751e8b465ee728b)
Start importing Assets/Scenes/Lvl 2 Record.unity using Guid(f8c28950ec8912347863f444b7f40b48) Importer(815301076,1909f56bfc062723c751e8b465ee728b)  -> (artifact id: '972b7eb2322e76a033a43abaf7c44bb2') in 0.002678 seconds 
========================================================================
Received Import Request.
  Time since last request: 201.346724 seconds.
  path: Assets/Levels/Level 2
  artifactKey: Guid(d15d3e4c961bf694ba6e910a9e62d3f3) Importer(815301076,1909f56bfc062723c751e8b465ee728b)
Start importing Assets/Levels/Level 2 using Guid(d15d3e4c961bf694ba6e910a9e62d3f3) Importer(815301076,1909f56bfc062723c751e8b465ee728b)  -> (artifact id: '5c0c8961c9868e78fbfb8ba373918626') in 0.002260 seconds 
========================================================================
Received Import Request.
  Time since last request: 5.464483 seconds.
  path: Assets/Levels/Level 2/Panels.prefab
  artifactKey: Guid(54f0d47741cbe5f4e96913e991306619) Importer(815301076,1909f56bfc062723c751e8b465ee728b)
Start importing Assets/Levels/Level 2/Panels.prefab using Guid(54f0d47741cbe5f4e96913e991306619) Importer(815301076,1909f56bfc062723c751e8b465ee728b)  -> (artifact id: 'bfcf5205246b8d60df340fa935ae5e3c') in 0.026915 seconds 
========================================================================
Received Import Request.
  Time since last request: 2.218490 seconds.
  path: Assets/Levels/Level 2/Road.prefab
  artifactKey: Guid(1fd2cf543902277419f87d68a0bc69be) Importer(815301076,1909f56bfc062723c751e8b465ee728b)
Start importing Assets/Levels/Level 2/Road.prefab using Guid(1fd2cf543902277419f87d68a0bc69be) Importer(815301076,1909f56bfc062723c751e8b465ee728b)  -> (artifact id: 'cb5be57b4cf6c18d3fbaa1f496e63e96') in 0.008808 seconds 
========================================================================
Received Import Request.
  Time since last request: 1873.719646 seconds.
  path: Assets/Scenes/Lvl 3 Record.unity
  artifactKey: Guid(3ac94d4051128bb4a81b8fa3163b3487) Importer(815301076,1909f56bfc062723c751e8b465ee728b)
Start importing Assets/Scenes/Lvl 3 Record.unity using Guid(3ac94d4051128bb4a81b8fa3163b3487) Importer(815301076,1909f56bfc062723c751e8b465ee728b)  -> (artifact id: '7058f347a02cc29e954b900dec327f3a') in 0.002421 seconds 
========================================================================
Received Import Request.
  Time since last request: 10.672624 seconds.
  path: Assets/Levels/Level 3/Road.prefab
  artifactKey: Guid(85fd9031bec6cd44eacae20b556d500e) Importer(815301076,1909f56bfc062723c751e8b465ee728b)
Start importing Assets/Levels/Level 3/Road.prefab using Guid(85fd9031bec6cd44eacae20b556d500e) Importer(815301076,1909f56bfc062723c751e8b465ee728b)  -> (artifact id: '77648b886a4838b41c55b4076365a16d') in 0.031152 seconds 
AssetImportWorkerClient::OnTransportError - code=2 error=End of file
